Time resolution is 1 ps
[DRV] : RESET DONE
[GEN] : Din : 1 Dout : 0
[DRV] : Din : 1 Dout : 0
[MON] : Din : 0 Dout : 1
[SCO] : Din : 0 Dout : 1
[REF] : Din : 1 Dout : 0
[SCO] : DATA MATCHED
-------------------------------------------------
[GEN] : Din : 0 Dout : 0
[DRV] : Din : 0 Dout : 0
[MON] : Din : 0 Dout : 0
[SCO] : Din : 0 Dout : 0
[REF] : Din : 0 Dout : 0
[SCO] : DATA MATCHED
-------------------------------------------------
[GEN] : Din : 0 Dout : 0
[DRV] : Din : 0 Dout : 0
[MON] : Din : 0 Dout : 0
[SCO] : Din : 0 Dout : 0
[REF] : Din : 0 Dout : 0
[SCO] : DATA MATCHED
-------------------------------------------------
[GEN] : Din : 0 Dout : 0
[DRV] : Din : 0 Dout : 0
[MON] : Din : 0 Dout : 0
[SCO] : Din : 0 Dout : 0
[REF] : Din : 0 Dout : 0
[SCO] : DATA MATCHED
-------------------------------------------------
[GEN] : Din : 1 Dout : 0
[DRV] : Din : 1 Dout : 0
[MON] : Din : 0 Dout : 1
[SCO] : Din : 0 Dout : 1
[REF] : Din : 1 Dout : 0
[SCO] : DATA MATCHED
-------------------------------------------------
[GEN] : Din : 1 Dout : 0
[DRV] : Din : 1 Dout : 0
[MON] : Din : 0 Dout : 1
[SCO] : Din : 0 Dout : 1
[REF] : Din : 1 Dout : 0
[SCO] : DATA MATCHED
-------------------------------------------------
[GEN] : Din : 1 Dout : 0
[DRV] : Din : 1 Dout : 0
[MON] : Din : 0 Dout : 1
[SCO] : Din : 0 Dout : 1
[REF] : Din : 1 Dout : 0
[SCO] : DATA MATCHED
-------------------------------------------------
[GEN] : Din : 0 Dout : 0
[DRV] : Din : 0 Dout : 0
[MON] : Din : 0 Dout : 0
[SCO] : Din : 0 Dout : 0
[REF] : Din : 0 Dout : 0
[SCO] : DATA MATCHED
-------------------------------------------------
[GEN] : Din : 1 Dout : 0
[DRV] : Din : 1 Dout : 0
[MON] : Din : 0 Dout : 1
[SCO] : Din : 0 Dout : 1
[REF] : Din : 1 Dout : 0
[SCO] : DATA MATCHED
-------------------------------------------------
[GEN] : Din : 1 Dout : 0
[DRV] : Din : 1 Dout : 0
[MON] : Din : 0 Dout : 1
[SCO] : Din : 0 Dout : 1
[REF] : Din : 1 Dout : 0
[SCO] : DATA MATCHED
-------------------------------------------------
[GEN] : Din : 0 Dout : 0
[DRV] : Din : 0 Dout : 0
[MON] : Din : 0 Dout : 0
[SCO] : Din : 0 Dout : 0
[REF] : Din : 0 Dout : 0
[SCO] : DATA MATCHED
-------------------------------------------------
[GEN] : Din : 0 Dout : 0
[DRV] : Din : 0 Dout : 0
[MON] : Din : 0 Dout : 0
[SCO] : Din : 0 Dout : 0
[REF] : Din : 0 Dout : 0
[SCO] : DATA MATCHED
-------------------------------------------------
[GEN] : Din : 0 Dout : 0
[DRV] : Din : 0 Dout : 0
[MON] : Din : 0 Dout : 0
[SCO] : Din : 0 Dout : 0
[REF] : Din : 0 Dout : 0
[SCO] : DATA MATCHED
-------------------------------------------------
[GEN] : Din : 1 Dout : 0
[DRV] : Din : 1 Dout : 0
[MON] : Din : 0 Dout : 1
[SCO] : Din : 0 Dout : 1
[REF] : Din : 1 Dout : 0
[SCO] : DATA MATCHED
-------------------------------------------------
[GEN] : Din : 0 Dout : 0
[DRV] : Din : 0 Dout : 0
[MON] : Din : 0 Dout : 0
[SCO] : Din : 0 Dout : 0
[REF] : Din : 0 Dout : 0
[SCO] : DATA MATCHED
-------------------------------------------------
[GEN] : Din : 0 Dout : 0
[DRV] : Din : 0 Dout : 0
[MON] : Din : 0 Dout : 0
[SCO] : Din : 0 Dout : 0
[REF] : Din : 0 Dout : 0
[SCO] : DATA MATCHED
-------------------------------------------------
[GEN] : Din : 1 Dout : 0
[DRV] : Din : 1 Dout : 0
[MON] : Din : 0 Dout : 1
[SCO] : Din : 0 Dout : 1
[REF] : Din : 1 Dout : 0
[SCO] : DATA MATCHED
-------------------------------------------------
[GEN] : Din : 0 Dout : 0
[DRV] : Din : 0 Dout : 0
[MON] : Din : 0 Dout : 0
[SCO] : Din : 0 Dout : 0
[REF] : Din : 0 Dout : 0
[SCO] : DATA MATCHED
-------------------------------------------------
[GEN] : Din : 0 Dout : 0
[DRV] : Din : 0 Dout : 0
[MON] : Din : 0 Dout : 0
[SCO] : Din : 0 Dout : 0
[REF] : Din : 0 Dout : 0
[SCO] : DATA MATCHED
-------------------------------------------------
[GEN] : Din : 1 Dout : 0
[DRV] : Din : 1 Dout : 0
[MON] : Din : 0 Dout : 1
[SCO] : Din : 0 Dout : 1
[REF] : Din : 1 Dout : 0
[SCO] : DATA MATCHED
-------------------------------------------------
[GEN] : Din : 0 Dout : 0
[DRV] : Din : 0 Dout : 0
[MON] : Din : 0 Dout : 0
[SCO] : Din : 0 Dout : 0
[REF] : Din : 0 Dout : 0
[SCO] : DATA MATCHED
-------------------------------------------------
[GEN] : Din : 1 Dout : 0
[DRV] : Din : 1 Dout : 0
[MON] : Din : 0 Dout : 1
[SCO] : Din : 0 Dout : 1
[REF] : Din : 1 Dout : 0
[SCO] : DATA MATCHED
-------------------------------------------------
[GEN] : Din : 1 Dout : 0
[DRV] : Din : 1 Dout : 0
[MON] : Din : 0 Dout : 1
[SCO] : Din : 0 Dout : 1
[REF] : Din : 1 Dout : 0
[SCO] : DATA MATCHED
-------------------------------------------------
[GEN] : Din : 1 Dout : 0
[DRV] : Din : 1 Dout : 0
[MON] : Din : 0 Dout : 1
[SCO] : Din : 0 Dout : 1
[REF] : Din : 1 Dout : 0
[SCO] : DATA MATCHED
-------------------------------------------------
[GEN] : Din : 1 Dout : 0
[DRV] : Din : 1 Dout : 0
[MON] : Din : 0 Dout : 1
[SCO] : Din : 0 Dout : 1
[REF] : Din : 1 Dout : 0
[SCO] : DATA MATCHED
-------------------------------------------------
[GEN] : Din : 0 Dout : 0
[DRV] : Din : 0 Dout : 0
[MON] : Din : 0 Dout : 0
[SCO] : Din : 0 Dout : 0
[REF] : Din : 0 Dout : 0
[SCO] : DATA MATCHED
-------------------------------------------------
[GEN] : Din : 0 Dout : 0
[DRV] : Din : 0 Dout : 0
[MON] : Din : 0 Dout : 0
[SCO] : Din : 0 Dout : 0
[REF] : Din : 0 Dout : 0
[SCO] : DATA MATCHED
-------------------------------------------------
[GEN] : Din : 1 Dout : 0
[DRV] : Din : 1 Dout : 0
[MON] : Din : 0 Dout : 1
[SCO] : Din : 0 Dout : 1
[REF] : Din : 1 Dout : 0
[SCO] : DATA MATCHED
-------------------------------------------------
[GEN] : Din : 1 Dout : 0
[DRV] : Din : 1 Dout : 0
[MON] : Din : 0 Dout : 1
[SCO] : Din : 0 Dout : 1
[REF] : Din : 1 Dout : 0
[SCO] : DATA MATCHED
-------------------------------------------------
[GEN] : Din : 0 Dout : 0
[DRV] : Din : 0 Dout : 0
[MON] : Din : 0 Dout : 0
[SCO] : Din : 0 Dout : 0
[REF] : Din : 0 Dout : 0
[SCO] : DATA MATCHED
-------------------------------------------------
$finish called at time : 1310 ns : File "D:/Study/Placements/Verification-of-Common-Peripherals-Memories-and-Bus-Protocol/VerificationOfDflipflop/VerificationOfDflipflop.srcs/sim_1/new/tb.sv" Line 204
